<?xml version="1.0" encoding="UTF-8"?>
<testsuite name="com.tiodev.vegtummy.ExampleUnitTest" tests="1" skipped="0" failures="0" errors="0" timestamp="2024-11-19T10:53:49" hostname="T-800" time="0.002">
  <properties/>
  <testcase name="addition_isCorrect" classname="com.tiodev.vegtummy.ExampleUnitTest" time="0.002"/>
  <system-out><![CDATA[]]></system-out>
  <system-err><![CDATA[]]></system-err>
</testsuite>
